<?xml version="1.0" encoding="UTF-8"?>
<!-- Generated by org.testng.reporters.JUnitReportReporter -->
<testsuite hostname="DESKTOP-S427SE2" failures="0" tests="1" name="test.UserCreationTest" time="15.899" errors="0" timestamp="2024-10-24T21:53:26 IST" skipped="0">
  <testcase classname="test.UserCreationTest" name="tagToggleEdit" time="15.899"/>
</testsuite> <!-- test.UserCreationTest -->
