<?xml version="1.0" encoding="UTF-8"?>
<!-- Generated by org.testng.reporters.JUnitReportReporter -->
<testsuite hostname="DESKTOP-S427SE2" failures="0" tests="1" name="test.BitGOAssessment" time="9.238" errors="0" timestamp="2024-10-24T21:58:22 IST" skipped="0">
  <testcase classname="test.BitGOAssessment" name="tagToggleEdit" time="9.238"/>
</testsuite> <!-- test.BitGOAssessment -->
